[debug] [2023-12-02T06:46:32.747Z] ----------------------------------------------------------------------
[debug] [2023-12-02T06:46:32.750Z] Command:       /Users/macbookair/.nvm/versions/node/v18.17.1/bin/node /Users/macbookair/.nvm/versions/node/v18.17.1/bin/firebase init
[debug] [2023-12-02T06:46:32.750Z] CLI Version:   12.9.1
[debug] [2023-12-02T06:46:32.751Z] Platform:      darwin
[debug] [2023-12-02T06:46:32.751Z] Node Version:  v18.17.1
[debug] [2023-12-02T06:46:32.753Z] Time:          Sat Dec 02 2023 12:46:32 GMT+0600 (Bangladesh Standard Time)
[debug] [2023-12-02T06:46:32.753Z] ----------------------------------------------------------------------
[debug] 
[debug] [2023-12-02T06:46:32.946Z] > command requires scopes: ["email","openid","https://www.googleapis.com/auth/cloudplatformprojects.readonly","https://www.googleapis.com/auth/firebase","https://www.googleapis.com/auth/cloud-platform"]
[debug] [2023-12-02T06:46:32.949Z] > authorizing via signed-in user (fourangle1@gmail.com)
[info] 
     ######## #### ########  ######## ########     ###     ######  ########
     ##        ##  ##     ## ##       ##     ##  ##   ##  ##       ##
     ######    ##  ########  ######   ########  #########  ######  ######
     ##        ##  ##    ##  ##       ##     ## ##     ##       ## ##
     ##       #### ##     ## ######## ########  ##     ##  ######  ########

You're about to initialize a Firebase project in this directory:

  /Users/macbookair/Desktop/Anis/Electrolab/electro-lab

Before we get started, keep in mind:

  * You are initializing within an existing Firebase project directory

[info] 
=== Project Setup
[info] 
[info] First, let's associate this project directory with a Firebase project.
[info] You can create multiple project aliases by running firebase use --add, 
[info] but for now we'll just set up a default project.
[info] 
[debug] [2023-12-02T06:46:36.130Z] Using project from CLI flag: light-of-islam-b3d23
[debug] [2023-12-02T06:46:36.137Z] >>> [apiv2][query] GET https://firebase.googleapis.com/v1beta1/projects/light-of-islam-b3d23 [none]
[debug] [2023-12-02T06:46:36.847Z] <<< [apiv2][status] GET https://firebase.googleapis.com/v1beta1/projects/light-of-islam-b3d23 403
[debug] [2023-12-02T06:46:36.847Z] <<< [apiv2][body] GET https://firebase.googleapis.com/v1beta1/projects/light-of-islam-b3d23 {"error":{"code":403,"message":"The caller does not have permission","status":"PERMISSION_DENIED"}}
[debug] [2023-12-02T06:46:36.849Z] HTTP Error: 403, The caller does not have permission
[debug] [2023-12-02T06:46:37.051Z] FirebaseError: HTTP Error: 403, The caller does not have permission
    at responseToError (/Users/macbookair/.nvm/versions/node/v18.17.1/lib/node_modules/firebase-tools/lib/responseToError.js:49:12)
    at RetryOperation._fn (/Users/macbookair/.nvm/versions/node/v18.17.1/lib/node_modules/firebase-tools/lib/apiv2.js:285:77)
    at process.processTicksAndRejections (node:internal/process/task_queues:95:5)
[error] 
[error] Error: Failed to get Firebase project light-of-islam-b3d23. Please make sure the project exists and your account has permission to access it.
[debug] [2023-12-02T06:51:46.819Z] ----------------------------------------------------------------------
[debug] [2023-12-02T06:51:46.821Z] Command:       /Users/macbookair/.nvm/versions/node/v18.17.1/bin/node /Users/macbookair/.nvm/versions/node/v18.17.1/bin/firebase init
[debug] [2023-12-02T06:51:46.822Z] CLI Version:   12.9.1
[debug] [2023-12-02T06:51:46.823Z] Platform:      darwin
[debug] [2023-12-02T06:51:46.823Z] Node Version:  v18.17.1
[debug] [2023-12-02T06:51:46.867Z] Time:          Sat Dec 02 2023 12:51:46 GMT+0600 (Bangladesh Standard Time)
[debug] [2023-12-02T06:51:46.867Z] ----------------------------------------------------------------------
[debug] 
[debug] [2023-12-02T06:51:47.276Z] > command requires scopes: ["email","openid","https://www.googleapis.com/auth/cloudplatformprojects.readonly","https://www.googleapis.com/auth/firebase","https://www.googleapis.com/auth/cloud-platform"]
[debug] [2023-12-02T06:51:47.277Z] > authorizing via signed-in user (fourangle1@gmail.com)
[info] 
     ######## #### ########  ######## ########     ###     ######  ########
     ##        ##  ##     ## ##       ##     ##  ##   ##  ##       ##
     ######    ##  ########  ######   ########  #########  ######  ######
     ##        ##  ##    ##  ##       ##     ## ##     ##       ## ##
     ##       #### ##     ## ######## ########  ##     ##  ######  ########

You're about to initialize a Firebase project in this directory:

  /Users/macbookair/Desktop/Anis/Electrolab/electro-lab

Before we get started, keep in mind:

  * You are initializing within an existing Firebase project directory

[info] 
=== Project Setup
[info] 
[info] First, let's associate this project directory with a Firebase project.
[info] You can create multiple project aliases by running firebase use --add, 
[info] but for now we'll just set up a default project.
[info] 
[debug] [2023-12-02T06:51:54.102Z] Using project from CLI flag: light-of-islam-b3d23
[debug] [2023-12-02T06:51:54.108Z] >>> [apiv2][query] GET https://firebase.googleapis.com/v1beta1/projects/light-of-islam-b3d23 [none]
[debug] [2023-12-02T06:51:54.900Z] <<< [apiv2][status] GET https://firebase.googleapis.com/v1beta1/projects/light-of-islam-b3d23 403
[debug] [2023-12-02T06:51:54.900Z] <<< [apiv2][body] GET https://firebase.googleapis.com/v1beta1/projects/light-of-islam-b3d23 {"error":{"code":403,"message":"The caller does not have permission","status":"PERMISSION_DENIED"}}
[debug] [2023-12-02T06:51:54.901Z] HTTP Error: 403, The caller does not have permission
[debug] [2023-12-02T06:51:55.127Z] FirebaseError: HTTP Error: 403, The caller does not have permission
    at responseToError (/Users/macbookair/.nvm/versions/node/v18.17.1/lib/node_modules/firebase-tools/lib/responseToError.js:49:12)
    at RetryOperation._fn (/Users/macbookair/.nvm/versions/node/v18.17.1/lib/node_modules/firebase-tools/lib/apiv2.js:285:77)
    at process.processTicksAndRejections (node:internal/process/task_queues:95:5)
[error] 
[error] Error: Failed to get Firebase project light-of-islam-b3d23. Please make sure the project exists and your account has permission to access it.
[debug] [2023-12-02T07:20:16.853Z] ----------------------------------------------------------------------
[debug] [2023-12-02T07:20:16.856Z] Command:       /Users/macbookair/.nvm/versions/node/v18.17.1/bin/node /Users/macbookair/.nvm/versions/node/v18.17.1/bin/firebase init
[debug] [2023-12-02T07:20:16.857Z] CLI Version:   12.9.1
[debug] [2023-12-02T07:20:16.857Z] Platform:      darwin
[debug] [2023-12-02T07:20:16.858Z] Node Version:  v18.17.1
[debug] [2023-12-02T07:20:16.859Z] Time:          Sat Dec 02 2023 13:20:16 GMT+0600 (Bangladesh Standard Time)
[debug] [2023-12-02T07:20:16.860Z] ----------------------------------------------------------------------
[debug] 
[debug] [2023-12-02T07:20:17.409Z] > command requires scopes: ["email","openid","https://www.googleapis.com/auth/cloudplatformprojects.readonly","https://www.googleapis.com/auth/firebase","https://www.googleapis.com/auth/cloud-platform"]
[debug] [2023-12-02T07:20:17.410Z] > authorizing via signed-in user (fourangle1@gmail.com)
[info] 
     ######## #### ########  ######## ########     ###     ######  ########
     ##        ##  ##     ## ##       ##     ##  ##   ##  ##       ##
     ######    ##  ########  ######   ########  #########  ######  ######
     ##        ##  ##    ##  ##       ##     ## ##     ##       ## ##
     ##       #### ##     ## ######## ########  ##     ##  ######  ########

You're about to initialize a Firebase project in this directory:

  /Users/macbookair/Desktop/Anis/Electrolab/electro-lab

Before we get started, keep in mind:

  * You are initializing within an existing Firebase project directory

[info] 
=== Project Setup
[info] 
[info] First, let's associate this project directory with a Firebase project.
[info] You can create multiple project aliases by running firebase use --add, 
[info] but for now we'll just set up a default project.
[info] 
[debug] [2023-12-02T07:20:58.640Z] Using project from CLI flag: light-of-islam-b3d23
[debug] [2023-12-02T07:20:58.643Z] >>> [apiv2][query] GET https://firebase.googleapis.com/v1beta1/projects/light-of-islam-b3d23 [none]
[debug] [2023-12-02T07:20:59.317Z] <<< [apiv2][status] GET https://firebase.googleapis.com/v1beta1/projects/light-of-islam-b3d23 403
[debug] [2023-12-02T07:20:59.318Z] <<< [apiv2][body] GET https://firebase.googleapis.com/v1beta1/projects/light-of-islam-b3d23 {"error":{"code":403,"message":"The caller does not have permission","status":"PERMISSION_DENIED"}}
[debug] [2023-12-02T07:20:59.319Z] HTTP Error: 403, The caller does not have permission
[debug] [2023-12-02T07:20:59.521Z] FirebaseError: HTTP Error: 403, The caller does not have permission
    at responseToError (/Users/macbookair/.nvm/versions/node/v18.17.1/lib/node_modules/firebase-tools/lib/responseToError.js:49:12)
    at RetryOperation._fn (/Users/macbookair/.nvm/versions/node/v18.17.1/lib/node_modules/firebase-tools/lib/apiv2.js:285:77)
    at process.processTicksAndRejections (node:internal/process/task_queues:95:5)
[error] 
[error] Error: Failed to get Firebase project light-of-islam-b3d23. Please make sure the project exists and your account has permission to access it.
[debug] [2023-12-02T07:21:34.680Z] ----------------------------------------------------------------------
[debug] [2023-12-02T07:21:34.683Z] Command:       /Users/macbookair/.nvm/versions/node/v18.17.1/bin/node /Users/macbookair/.nvm/versions/node/v18.17.1/bin/firebase init
[debug] [2023-12-02T07:21:34.683Z] CLI Version:   12.9.1
[debug] [2023-12-02T07:21:34.684Z] Platform:      darwin
[debug] [2023-12-02T07:21:34.684Z] Node Version:  v18.17.1
[debug] [2023-12-02T07:21:34.686Z] Time:          Sat Dec 02 2023 13:21:34 GMT+0600 (Bangladesh Standard Time)
[debug] [2023-12-02T07:21:34.687Z] ----------------------------------------------------------------------
[debug] 
[debug] [2023-12-02T07:21:34.815Z] > command requires scopes: ["email","openid","https://www.googleapis.com/auth/cloudplatformprojects.readonly","https://www.googleapis.com/auth/firebase","https://www.googleapis.com/auth/cloud-platform"]
[debug] [2023-12-02T07:21:34.816Z] > authorizing via signed-in user (fourangle1@gmail.com)
[info] 
     ######## #### ########  ######## ########     ###     ######  ########
     ##        ##  ##     ## ##       ##     ##  ##   ##  ##       ##
     ######    ##  ########  ######   ########  #########  ######  ######
     ##        ##  ##    ##  ##       ##     ## ##     ##       ## ##
     ##       #### ##     ## ######## ########  ##     ##  ######  ########

You're about to initialize a Firebase project in this directory:

  /Users/macbookair/Desktop/Anis/Electrolab/electro-lab

Before we get started, keep in mind:

  * You are initializing within an existing Firebase project directory

[info] 
=== Project Setup
[info] 
[info] First, let's associate this project directory with a Firebase project.
[info] You can create multiple project aliases by running firebase use --add, 
[info] but for now we'll just set up a default project.
[info] 
[debug] [2023-12-02T07:21:46.252Z] Using project from CLI flag: light-of-islam-b3d23
[debug] [2023-12-02T07:21:46.255Z] >>> [apiv2][query] GET https://firebase.googleapis.com/v1beta1/projects/light-of-islam-b3d23 [none]
[debug] [2023-12-02T07:21:46.926Z] <<< [apiv2][status] GET https://firebase.googleapis.com/v1beta1/projects/light-of-islam-b3d23 403
[debug] [2023-12-02T07:21:46.926Z] <<< [apiv2][body] GET https://firebase.googleapis.com/v1beta1/projects/light-of-islam-b3d23 {"error":{"code":403,"message":"The caller does not have permission","status":"PERMISSION_DENIED"}}
[debug] [2023-12-02T07:21:46.927Z] HTTP Error: 403, The caller does not have permission
[debug] [2023-12-02T07:21:47.122Z] FirebaseError: HTTP Error: 403, The caller does not have permission
    at responseToError (/Users/macbookair/.nvm/versions/node/v18.17.1/lib/node_modules/firebase-tools/lib/responseToError.js:49:12)
    at RetryOperation._fn (/Users/macbookair/.nvm/versions/node/v18.17.1/lib/node_modules/firebase-tools/lib/apiv2.js:285:77)
    at process.processTicksAndRejections (node:internal/process/task_queues:95:5)
[error] 
[error] Error: Failed to get Firebase project light-of-islam-b3d23. Please make sure the project exists and your account has permission to access it.
[debug] [2023-12-02T07:43:58.264Z] ----------------------------------------------------------------------
[debug] [2023-12-02T07:43:58.267Z] Command:       /Users/macbookair/.nvm/versions/node/v18.17.1/bin/node /Users/macbookair/.nvm/versions/node/v18.17.1/bin/firebase init
[debug] [2023-12-02T07:43:58.268Z] CLI Version:   12.9.1
[debug] [2023-12-02T07:43:58.268Z] Platform:      darwin
[debug] [2023-12-02T07:43:58.268Z] Node Version:  v18.17.1
[debug] [2023-12-02T07:43:58.298Z] Time:          Sat Dec 02 2023 13:43:58 GMT+0600 (Bangladesh Standard Time)
[debug] [2023-12-02T07:43:58.298Z] ----------------------------------------------------------------------
[debug] 
[debug] [2023-12-02T07:43:58.423Z] > command requires scopes: ["email","openid","https://www.googleapis.com/auth/cloudplatformprojects.readonly","https://www.googleapis.com/auth/firebase","https://www.googleapis.com/auth/cloud-platform"]
[debug] [2023-12-02T07:43:58.424Z] > authorizing via signed-in user (fourangle1@gmail.com)
[info] 
     ######## #### ########  ######## ########     ###     ######  ########
     ##        ##  ##     ## ##       ##     ##  ##   ##  ##       ##
     ######    ##  ########  ######   ########  #########  ######  ######
     ##        ##  ##    ##  ##       ##     ## ##     ##       ## ##
     ##       #### ##     ## ######## ########  ##     ##  ######  ########

You're about to initialize a Firebase project in this directory:

  /Users/macbookair/Desktop/Anis/Electrolab/electro-lab

Before we get started, keep in mind:

  * You are initializing within an existing Firebase project directory

[info] 
=== Project Setup
[info] 
[info] First, let's associate this project directory with a Firebase project.
[info] You can create multiple project aliases by running firebase use --add, 
[info] but for now we'll just set up a default project.
[info] 
[debug] [2023-12-02T07:44:01.573Z] Using project from CLI flag: light-of-islam-b3d23
[debug] [2023-12-02T07:44:01.574Z] > refreshing access token with scopes: []
[debug] [2023-12-02T07:44:01.577Z] >>> [apiv2][query] POST https://www.googleapis.com/oauth2/v3/token [none]
[debug] [2023-12-02T07:44:01.577Z] >>> [apiv2][body] POST https://www.googleapis.com/oauth2/v3/token [omitted]
[debug] [2023-12-02T07:44:02.028Z] <<< [apiv2][status] POST https://www.googleapis.com/oauth2/v3/token 200
[debug] [2023-12-02T07:44:02.028Z] <<< [apiv2][body] POST https://www.googleapis.com/oauth2/v3/token [omitted]
[debug] [2023-12-02T07:44:02.061Z] >>> [apiv2][query] GET https://firebase.googleapis.com/v1beta1/projects/light-of-islam-b3d23 [none]
[debug] [2023-12-02T07:44:02.805Z] <<< [apiv2][status] GET https://firebase.googleapis.com/v1beta1/projects/light-of-islam-b3d23 403
[debug] [2023-12-02T07:44:02.806Z] <<< [apiv2][body] GET https://firebase.googleapis.com/v1beta1/projects/light-of-islam-b3d23 {"error":{"code":403,"message":"The caller does not have permission","status":"PERMISSION_DENIED"}}
[debug] [2023-12-02T07:44:02.806Z] HTTP Error: 403, The caller does not have permission
[debug] [2023-12-02T07:44:03.043Z] FirebaseError: HTTP Error: 403, The caller does not have permission
    at responseToError (/Users/macbookair/.nvm/versions/node/v18.17.1/lib/node_modules/firebase-tools/lib/responseToError.js:49:12)
    at RetryOperation._fn (/Users/macbookair/.nvm/versions/node/v18.17.1/lib/node_modules/firebase-tools/lib/apiv2.js:285:77)
    at process.processTicksAndRejections (node:internal/process/task_queues:95:5)
[error] 
[error] Error: Failed to get Firebase project light-of-islam-b3d23. Please make sure the project exists and your account has permission to access it.
